<?xml version="1.0" encoding="UTF-8"?>
<!-- Generated by org.testng.reporters.JUnitReportReporter -->
<testsuite hostname="CISPL-IO-420" failures="0" tests="9" name="parallel.ParallelRunner" time="325.117" errors="0" timestamp="2021-04-20T18:33:56 IST" skipped="0">
  <testcase classname="parallel.ParallelRunner" name="runScenario" time="26.730"/>
  <system-out/>
  <testcase classname="parallel.ParallelRunner" name="runScenario" time="37.686"/>
  <system-out/>
  <testcase classname="parallel.ParallelRunner" name="runScenario" time="38.798"/>
  <system-out/>
  <testcase classname="parallel.ParallelRunner" name="runScenario" time="38.801"/>
  <system-out/>
  <testcase classname="parallel.ParallelRunner" name="runScenario" time="32.726"/>
  <system-out/>
  <testcase classname="parallel.ParallelRunner" name="runScenario" time="38.940"/>
  <system-out/>
  <testcase classname="parallel.ParallelRunner" name="runScenario" time="38.797"/>
  <system-out/>
  <testcase classname="parallel.ParallelRunner" name="runScenario" time="40.561"/>
  <system-out/>
  <testcase classname="parallel.ParallelRunner" name="runScenario" time="32.078"/>
  <system-out/>
</testsuite> <!-- parallel.ParallelRunner -->
